c:\users\student\desktop\gitフォルダ\gamelibrary_shugokuroda\吉田学園情報ビジネス専門学校_黒田周吾\01_skymachine2\01_開発環境\skymachine002\x64\debug\vc140.pdb
c:\users\student\desktop\gitフォルダ\gamelibrary_shugokuroda\吉田学園情報ビジネス専門学校_黒田周吾\01_skymachine2\01_開発環境\skymachine002\x64\debug\vc140.idb
c:\users\student\desktop\gitフォルダ\gamelibrary_shugokuroda\吉田学園情報ビジネス専門学校_黒田周吾\01_skymachine2\01_開発環境\skymachine002\x64\debug\library.obj
c:\users\student\desktop\gitフォルダ\gamelibrary_shugokuroda\吉田学園情報ビジネス専門学校_黒田周吾\01_skymachine2\01_開発環境\skymachine002\x64\debug\life.obj
c:\users\student\desktop\gitフォルダ\gamelibrary_shugokuroda\吉田学園情報ビジネス専門学校_黒田周吾\01_skymachine2\01_開発環境\skymachine002\x64\debug\load.obj
c:\users\student\desktop\gitフォルダ\gamelibrary_shugokuroda\吉田学園情報ビジネス専門学校_黒田周吾\01_skymachine2\01_開発環境\skymachine002\x64\debug\logo.obj
c:\users\student\desktop\gitフォルダ\gamelibrary_shugokuroda\吉田学園情報ビジネス専門学校_黒田周吾\01_skymachine2\01_開発環境\skymachine002\x64\debug\main.obj
c:\users\student\desktop\gitフォルダ\gamelibrary_shugokuroda\吉田学園情報ビジネス専門学校_黒田周吾\01_skymachine2\01_開発環境\skymachine002\x64\debug\manager.obj
c:\users\student\desktop\gitフォルダ\gamelibrary_shugokuroda\吉田学園情報ビジネス専門学校_黒田周吾\01_skymachine2\01_開発環境\skymachine002\x64\debug\meshfield.obj
c:\users\student\desktop\gitフォルダ\gamelibrary_shugokuroda\吉田学園情報ビジネス専門学校_黒田周吾\01_skymachine2\01_開発環境\skymachine002\x64\debug\number.obj
c:\users\student\desktop\gitフォルダ\gamelibrary_shugokuroda\吉田学園情報ビジネス専門学校_黒田周吾\01_skymachine2\01_開発環境\skymachine002\x64\debug\object.obj
c:\users\student\desktop\gitフォルダ\gamelibrary_shugokuroda\吉田学園情報ビジネス専門学校_黒田周吾\01_skymachine2\01_開発環境\skymachine002\x64\debug\object2d.obj
c:\users\student\desktop\gitフォルダ\gamelibrary_shugokuroda\吉田学園情報ビジネス専門学校_黒田周吾\01_skymachine2\01_開発環境\skymachine002\x64\debug\pause.obj
c:\users\student\desktop\gitフォルダ\gamelibrary_shugokuroda\吉田学園情報ビジネス専門学校_黒田周吾\01_skymachine2\01_開発環境\skymachine002\x64\debug\player.obj
c:\users\student\desktop\gitフォルダ\gamelibrary_shugokuroda\吉田学園情報ビジネス専門学校_黒田周吾\01_skymachine2\01_開発環境\skymachine002\x64\debug\rank.obj
c:\users\student\desktop\gitフォルダ\gamelibrary_shugokuroda\吉田学園情報ビジネス専門学校_黒田周吾\01_skymachine2\01_開発環境\skymachine002\x64\debug\renderer.obj
c:\users\student\desktop\gitフォルダ\gamelibrary_shugokuroda\吉田学園情報ビジネス専門学校_黒田周吾\01_skymachine2\01_開発環境\skymachine002\x64\debug\result.obj
c:\users\student\desktop\gitフォルダ\gamelibrary_shugokuroda\吉田学園情報ビジネス専門学校_黒田周吾\01_skymachine2\01_開発環境\skymachine002\x64\debug\score.obj
c:\users\student\desktop\gitフォルダ\gamelibrary_shugokuroda\吉田学園情報ビジネス専門学校_黒田周吾\01_skymachine2\01_開発環境\skymachine002\x64\debug\sound.obj
c:\users\student\desktop\gitフォルダ\gamelibrary_shugokuroda\吉田学園情報ビジネス専門学校_黒田周吾\01_skymachine2\01_開発環境\skymachine002\x64\debug\spray.obj
c:\users\student\desktop\gitフォルダ\gamelibrary_shugokuroda\吉田学園情報ビジネス専門学校_黒田周吾\01_skymachine2\01_開発環境\skymachine002\x64\debug\title.obj
c:\users\student\desktop\gitフォルダ\gamelibrary_shugokuroda\吉田学園情報ビジネス専門学校_黒田周吾\01_skymachine2\01_開発環境\skymachine002\x64\debug\ui.obj
c:\users\student\desktop\gitフォルダ\gamelibrary_shugokuroda\吉田学園情報ビジネス専門学校_黒田周吾\01_skymachine2\01_開発環境\skymachine002\x64\debug\bg.obj
c:\users\student\desktop\gitフォルダ\gamelibrary_shugokuroda\吉田学園情報ビジネス専門学校_黒田周吾\01_skymachine2\01_開発環境\skymachine002\x64\debug\bg_move.obj
c:\users\student\desktop\gitフォルダ\gamelibrary_shugokuroda\吉田学園情報ビジネス専門学校_黒田周吾\01_skymachine2\01_開発環境\skymachine002\x64\debug\bubble.obj
c:\users\student\desktop\gitフォルダ\gamelibrary_shugokuroda\吉田学園情報ビジネス専門学校_黒田周吾\01_skymachine2\01_開発環境\skymachine002\x64\debug\bullet.obj
c:\users\student\desktop\gitフォルダ\gamelibrary_shugokuroda\吉田学園情報ビジネス専門学校_黒田周吾\01_skymachine2\01_開発環境\skymachine002\x64\debug\bullet_option.obj
c:\users\student\desktop\gitフォルダ\gamelibrary_shugokuroda\吉田学園情報ビジネス専門学校_黒田周吾\01_skymachine2\01_開発環境\skymachine002\x64\debug\cloud.obj
c:\users\student\desktop\gitフォルダ\gamelibrary_shugokuroda\吉田学園情報ビジネス専門学校_黒田周吾\01_skymachine2\01_開発環境\skymachine002\x64\debug\continue.obj
c:\users\student\desktop\gitフォルダ\gamelibrary_shugokuroda\吉田学園情報ビジネス専門学校_黒田周吾\01_skymachine2\01_開発環境\skymachine002\x64\debug\effect.obj
c:\users\student\desktop\gitフォルダ\gamelibrary_shugokuroda\吉田学園情報ビジネス専門学校_黒田周吾\01_skymachine2\01_開発環境\skymachine002\x64\debug\enemy.obj
c:\users\student\desktop\gitフォルダ\gamelibrary_shugokuroda\吉田学園情報ビジネス専門学校_黒田周吾\01_skymachine2\01_開発環境\skymachine002\x64\debug\enemy_boss.obj
c:\users\student\desktop\gitフォルダ\gamelibrary_shugokuroda\吉田学園情報ビジネス専門学校_黒田周吾\01_skymachine2\01_開発環境\skymachine002\x64\debug\explosion.obj
c:\users\student\desktop\gitフォルダ\gamelibrary_shugokuroda\吉田学園情報ビジネス専門学校_黒田周吾\01_skymachine2\01_開発環境\skymachine002\x64\debug\fade.obj
c:\users\student\desktop\gitフォルダ\gamelibrary_shugokuroda\吉田学園情報ビジネス専門学校_黒田周吾\01_skymachine2\01_開発環境\skymachine002\x64\debug\fade_scene.obj
c:\users\student\desktop\gitフォルダ\gamelibrary_shugokuroda\吉田学園情報ビジネス専門学校_黒田周吾\01_skymachine2\01_開発環境\skymachine002\x64\debug\game.obj
c:\users\student\desktop\gitフォルダ\gamelibrary_shugokuroda\吉田学園情報ビジネス専門学校_黒田周吾\01_skymachine2\01_開発環境\skymachine002\x64\debug\gauge.obj
c:\users\student\desktop\gitフォルダ\gamelibrary_shugokuroda\吉田学園情報ビジネス専門学校_黒田周吾\01_skymachine2\01_開発環境\skymachine002\x64\debug\input.obj
c:\users\student\desktop\gitフォルダ\gamelibrary_shugokuroda\吉田学園情報ビジネス専門学校_黒田周吾\01_skymachine2\01_開発環境\skymachine002\x64\debug\input_joypad.obj
c:\users\student\desktop\gitフォルダ\gamelibrary_shugokuroda\吉田学園情報ビジネス専門学校_黒田周吾\01_skymachine2\01_開発環境\skymachine002\x64\debug\input_keyboard.obj
c:\users\student\desktop\gitフォルダ\gamelibrary_shugokuroda\吉田学園情報ビジネス専門学校_黒田周吾\01_skymachine2\01_開発環境\skymachine002\x64\debug\input_mouse.obj
c:\users\student\desktop\gitフォルダ\gamelibrary_shugokuroda\吉田学園情報ビジネス専門学校_黒田周吾\01_skymachine2\01_開発環境\skymachine002\x64\debug\item.obj
c:\users\student\desktop\gitフォルダ\gamelibrary_shugokuroda\吉田学園情報ビジネス専門学校_黒田周吾\01_skymachine2\01_開発環境\skymachine002\x64\debug\barrier.obj
c:\users\student\desktop\gitフォルダ\gamelibrary_shugokuroda\吉田学園情報ビジネス専門学校_黒田周吾\01_skymachine2\01_開発環境\skymachine002\x64\debug\base.obj
c:\users\student\desktop\gitフォルダ\gamelibrary_shugokuroda\吉田学園情報ビジネス専門学校_黒田周吾\01_skymachine2\01_開発環境\skymachine002\x64\debug\skymachine002.ilk
c:\users\student\desktop\gitフォルダ\gamelibrary_shugokuroda\吉田学園情報ビジネス専門学校_黒田周吾\01_skymachine2\01_開発環境\skymachine002\x64\debug\skymachine002.exe
c:\users\student\desktop\gitフォルダ\gamelibrary_shugokuroda\吉田学園情報ビジネス専門学校_黒田周吾\01_skymachine2\01_開発環境\skymachine002\x64\debug\skymachine002.pdb
c:\users\student\desktop\gitフォルダ\gamelibrary_shugokuroda\吉田学園情報ビジネス専門学校_黒田周吾\01_skymachine2\01_開発環境\skymachine002\x64\debug\skymachine002.tlog\cl.command.1.tlog
c:\users\student\desktop\gitフォルダ\gamelibrary_shugokuroda\吉田学園情報ビジネス専門学校_黒田周吾\01_skymachine2\01_開発環境\skymachine002\x64\debug\skymachine002.tlog\cl.read.1.tlog
c:\users\student\desktop\gitフォルダ\gamelibrary_shugokuroda\吉田学園情報ビジネス専門学校_黒田周吾\01_skymachine2\01_開発環境\skymachine002\x64\debug\skymachine002.tlog\cl.write.1.tlog
c:\users\student\desktop\gitフォルダ\gamelibrary_shugokuroda\吉田学園情報ビジネス専門学校_黒田周吾\01_skymachine2\01_開発環境\skymachine002\x64\debug\skymachine002.tlog\link.command.1.tlog
c:\users\student\desktop\gitフォルダ\gamelibrary_shugokuroda\吉田学園情報ビジネス専門学校_黒田周吾\01_skymachine2\01_開発環境\skymachine002\x64\debug\skymachine002.tlog\link.read.1.tlog
c:\users\student\desktop\gitフォルダ\gamelibrary_shugokuroda\吉田学園情報ビジネス専門学校_黒田周吾\01_skymachine2\01_開発環境\skymachine002\x64\debug\skymachine002.tlog\link.write.1.tlog
