c:\users\student\desktop\gitフォルダ\skymachine2_shugokuroda\skymachine002\debug\vc140.pdb
c:\users\student\desktop\gitフォルダ\skymachine2_shugokuroda\skymachine002\debug\vc140.idb
c:\users\student\desktop\gitフォルダ\skymachine2_shugokuroda\skymachine002\debug\game.obj
c:\users\student\desktop\gitフォルダ\skymachine2_shugokuroda\skymachine002\debug\input.obj
c:\users\student\desktop\gitフォルダ\skymachine2_shugokuroda\skymachine002\debug\input_joypad.obj
c:\users\student\desktop\gitフォルダ\skymachine2_shugokuroda\skymachine002\debug\input_keyboard.obj
c:\users\student\desktop\gitフォルダ\skymachine2_shugokuroda\skymachine002\debug\input_mouse.obj
c:\users\student\desktop\gitフォルダ\skymachine2_shugokuroda\skymachine002\debug\library.obj
c:\users\student\desktop\gitフォルダ\skymachine2_shugokuroda\skymachine002\debug\load.obj
c:\users\student\desktop\gitフォルダ\skymachine2_shugokuroda\skymachine002\debug\logo.obj
c:\users\student\desktop\gitフォルダ\skymachine2_shugokuroda\skymachine002\debug\main.obj
c:\users\student\desktop\gitフォルダ\skymachine2_shugokuroda\skymachine002\debug\manager.obj
c:\users\student\desktop\gitフォルダ\skymachine2_shugokuroda\skymachine002\debug\object.obj
c:\users\student\desktop\gitフォルダ\skymachine2_shugokuroda\skymachine002\debug\object2d.obj
c:\users\student\desktop\gitフォルダ\skymachine2_shugokuroda\skymachine002\debug\player.obj
c:\users\student\desktop\gitフォルダ\skymachine2_shugokuroda\skymachine002\debug\rank.obj
c:\users\student\desktop\gitフォルダ\skymachine2_shugokuroda\skymachine002\debug\renderer.obj
c:\users\student\desktop\gitフォルダ\skymachine2_shugokuroda\skymachine002\debug\result.obj
c:\users\student\desktop\gitフォルダ\skymachine2_shugokuroda\skymachine002\debug\sound.obj
c:\users\student\desktop\gitフォルダ\skymachine2_shugokuroda\skymachine002\debug\spray.obj
c:\users\student\desktop\gitフォルダ\skymachine2_shugokuroda\skymachine002\debug\title.obj
c:\users\student\desktop\gitフォルダ\skymachine2_shugokuroda\skymachine002\debug\ui.obj
c:\users\student\desktop\gitフォルダ\skymachine2_shugokuroda\skymachine002\debug\base.obj
c:\users\student\desktop\gitフォルダ\skymachine2_shugokuroda\skymachine002\debug\bg.obj
c:\users\student\desktop\gitフォルダ\skymachine2_shugokuroda\skymachine002\debug\bubble.obj
c:\users\student\desktop\gitフォルダ\skymachine2_shugokuroda\skymachine002\debug\bullet.obj
c:\users\student\desktop\gitフォルダ\skymachine2_shugokuroda\skymachine002\debug\cloud.obj
c:\users\student\desktop\gitフォルダ\skymachine2_shugokuroda\skymachine002\debug\enemy.obj
c:\users\student\desktop\gitフォルダ\skymachine2_shugokuroda\skymachine002\debug\enemy_boss.obj
c:\users\student\desktop\gitフォルダ\skymachine2_shugokuroda\skymachine002\debug\explosion.obj
c:\users\student\desktop\gitフォルダ\skymachine2_shugokuroda\skymachine002\debug\fade_white.obj
c:\users\student\desktop\gitフォルダ\skymachine2_shugokuroda\skymachine002\skymachine002.ilk
c:\users\student\desktop\gitフォルダ\skymachine2_shugokuroda\skymachine002\skymachine002.exe
c:\users\student\desktop\gitフォルダ\skymachine2_shugokuroda\skymachine002\skymachine002.pdb
c:\users\student\desktop\gitフォルダ\skymachine2_shugokuroda\skymachine002\debug\skymachine002.tlog\cl.command.1.tlog
c:\users\student\desktop\gitフォルダ\skymachine2_shugokuroda\skymachine002\debug\skymachine002.tlog\cl.read.1.tlog
c:\users\student\desktop\gitフォルダ\skymachine2_shugokuroda\skymachine002\debug\skymachine002.tlog\cl.write.1.tlog
c:\users\student\desktop\gitフォルダ\skymachine2_shugokuroda\skymachine002\debug\skymachine002.tlog\link.command.1.tlog
c:\users\student\desktop\gitフォルダ\skymachine2_shugokuroda\skymachine002\debug\skymachine002.tlog\link.read.1.tlog
c:\users\student\desktop\gitフォルダ\skymachine2_shugokuroda\skymachine002\debug\skymachine002.tlog\link.write.1.tlog
